<?xml version="1.0" encoding="utf-8"?>
<TestRun id="bf33e024-63c2-4242-94fa-2b3c73d155f8" name="@justin-Laptop 2026-02-11 11:37:16" xmlns="http://microsoft.com/schemas/VisualStudio/TeamTest/2010">
  <Times creation="2026-02-11T11:37:16.9379046+11:00" queuing="2026-02-11T11:37:16.9379046+11:00" start="2026-02-11T11:37:15.9394617+11:00" finish="2026-02-11T11:37:16.9833399+11:00" />
  <TestSettings name="default" id="f45516d6-157c-40b0-a4ed-f520623e7e74">
    <Deployment runDeploymentRoot="_justin-Laptop_2026-02-11_11_37_16" />
  </TestSettings>
  <Results>
    <UnitTestResult executionId="39cc11f8-e447-449e-b853-0e43d76a1e3a" testId="0b42eab7-1aef-b26f-2a4a-12432878b484" testName="Common.Tests.MeasurementsValidatorTests.InvalidMeasurements_Rejected(input: &quot;36B-28cm-38&quot;)" computerName="justin-Laptop" duration="00:00:00.0175460" startTime="2026-02-11T11:37:16.8728349+11:00" endTime="2026-02-11T11:37:16.8728351+11:00" testType="13cdc9d9-ddb5-4fa4-a97d-d965ccfc6d4b" outcome="Passed" testListId="8c84fa94-04c1-424b-9868-57a2d4851a1d" relativeResultsDirectory="39cc11f8-e447-449e-b853-0e43d76a1e3a" />
    <UnitTestResult executionId="e49e7370-1f2f-4454-b46a-c96fe8c30c07" testId="d169d614-7ea8-986a-412d-ef1e37e732ab" testName="Common.Tests.IndexFileParserTests.ParseArticleLine_WithAuthors_RoundTrip" computerName="justin-Laptop" duration="00:00:00.0124368" startTime="2026-02-11T11:37:16.8128938+11:00" endTime="2026-02-11T11:37:16.8128938+11:00" testType="13cdc9d9-ddb5-4fa4-a97d-d965ccfc6d4b" outcome="Passed" testListId="8c84fa94-04c1-424b-9868-57a2d4851a1d" relativeResultsDirectory="e49e7370-1f2f-4454-b46a-c96fe8c30c07" />
    <UnitTestResult executionId="c87242a3-61b1-4fae-9a17-e3835bf5eebf" testId="57570bdb-16a5-6fbf-3672-3356d145fb2d" testName="Common.Tests.MeasurementsValidatorTests.InvalidMeasurements_Rejected(input: &quot;36B/28/38&quot;)" computerName="justin-Laptop" duration="00:00:00.0127456" startTime="2026-02-11T11:37:16.8081577+11:00" endTime="2026-02-11T11:37:16.8081578+11:00" testType="13cdc9d9-ddb5-4fa4-a97d-d965ccfc6d4b" outcome="Passed" testListId="8c84fa94-04c1-424b-9868-57a2d4851a1d" relativeResultsDirectory="c87242a3-61b1-4fae-9a17-e3835bf5eebf" />
    <UnitTestResult executionId="7f80437d-8ddd-4437-ac9e-843d7277801d" testId="018fe943-e517-c664-c94b-f8c48ea5f9a3" testName="Common.Tests.MeasurementsValidatorTests.InvalidMeasurements_Rejected(input: &quot;36B-28&quot;)" computerName="justin-Laptop" duration="00:00:00.0002353" startTime="2026-02-11T11:37:16.8082179+11:00" endTime="2026-02-11T11:37:16.8082179+11:00" testType="13cdc9d9-ddb5-4fa4-a97d-d965ccfc6d4b" outcome="Passed" testListId="8c84fa94-04c1-424b-9868-57a2d4851a1d" relativeResultsDirectory="7f80437d-8ddd-4437-ac9e-843d7277801d" />
    <UnitTestResult executionId="b5e71ac3-2f3e-447f-b7a3-a4b00bda7ea3" testId="9bfbdee6-7958-3bb2-a497-ef3cfd0dac42" testName="Common.Tests.IndexFileParserTests.ParsePageNumbers_Invalid_ReturnsError" computerName="justin-Laptop" duration="00:00:00.0083589" startTime="2026-02-11T11:37:16.8050673+11:00" endTime="2026-02-11T11:37:16.8050674+11:00" testType="13cdc9d9-ddb5-4fa4-a97d-d965ccfc6d4b" outcome="Passed" testListId="8c84fa94-04c1-424b-9868-57a2d4851a1d" relativeResultsDirectory="b5e71ac3-2f3e-447f-b7a3-a4b00bda7ea3" />
    <UnitTestResult executionId="bed38f02-8854-4bd7-8caf-cb7d953bc1ec" testId="d84cb31a-84f0-b755-6d6e-64921197253d" testName="Common.Tests.MeasurementsValidatorTests.InvalidMeasurements_Rejected(input: &quot;5-4-3&quot;)" computerName="justin-Laptop" duration="00:00:00.0002246" startTime="2026-02-11T11:37:16.8729870+11:00" endTime="2026-02-11T11:37:16.8729871+11:00" testType="13cdc9d9-ddb5-4fa4-a97d-d965ccfc6d4b" outcome="Passed" testListId="8c84fa94-04c1-424b-9868-57a2d4851a1d" relativeResultsDirectory="bed38f02-8854-4bd7-8caf-cb7d953bc1ec" />
    <UnitTestResult executionId="e675c0f6-0a12-410b-b8d4-aaf58384873c" testId="485a485e-17c6-42c6-20ea-bbbc3d03ccce" testName="Common.Tests.MeasurementsValidatorTests.InvalidMeasurements_Rejected(input: &quot;36.5B-28-38&quot;)" computerName="justin-Laptop" duration="00:00:00.0000118" startTime="2026-02-11T11:37:16.8729357+11:00" endTime="2026-02-11T11:37:16.8729357+11:00" testType="13cdc9d9-ddb5-4fa4-a97d-d965ccfc6d4b" outcome="Passed" testListId="8c84fa94-04c1-424b-9868-57a2d4851a1d" relativeResultsDirectory="e675c0f6-0a12-410b-b8d4-aaf58384873c" />
    <UnitTestResult executionId="63e5c870-fd27-46bd-8601-9ac9dcfc6996" testId="9fa4bcd8-be5b-fccc-7102-2ccff4fc1fe0" testName="Common.Tests.MeasurementsValidatorTests.ValidMeasurements_Accepted(input: &quot;36-28-38&quot;)" computerName="justin-Laptop" duration="00:00:00.0007535" startTime="2026-02-11T11:37:16.8730448+11:00" endTime="2026-02-11T11:37:16.8730448+11:00" testType="13cdc9d9-ddb5-4fa4-a97d-d965ccfc6d4b" outcome="Passed" testListId="8c84fa94-04c1-424b-9868-57a2d4851a1d" relativeResultsDirectory="63e5c870-fd27-46bd-8601-9ac9dcfc6996" />
    <UnitTestResult executionId="205f3732-9e76-41c2-b2e1-c821b964a490" testId="556c074a-ee47-e145-8ec3-5bd804860c27" testName="Common.Tests.MeasurementsValidatorTests.InvalidMeasurements_Rejected(input: &quot;&quot;)" computerName="justin-Laptop" duration="00:00:00.0000086" startTime="2026-02-11T11:37:16.8728983+11:00" endTime="2026-02-11T11:37:16.8728983+11:00" testType="13cdc9d9-ddb5-4fa4-a97d-d965ccfc6d4b" outcome="Passed" testListId="8c84fa94-04c1-424b-9868-57a2d4851a1d" relativeResultsDirectory="205f3732-9e76-41c2-b2e1-c821b964a490" />
    <UnitTestResult executionId="07efba34-c369-456a-bdb8-df37590a454d" testId="d9a0a591-0365-037b-51c5-acdaedd32d9e" testName="Common.Tests.MeasurementsValidatorTests.ValidMeasurements_Accepted(input: &quot;34C–22–34&quot;)" computerName="justin-Laptop" duration="00:00:00.0001499" startTime="2026-02-11T11:37:16.8730971+11:00" endTime="2026-02-11T11:37:16.8730971+11:00" testType="13cdc9d9-ddb5-4fa4-a97d-d965ccfc6d4b" outcome="Passed" testListId="8c84fa94-04c1-424b-9868-57a2d4851a1d" relativeResultsDirectory="07efba34-c369-456a-bdb8-df37590a454d" />
    <UnitTestResult executionId="69ede6ae-87e4-48db-a3b0-f904ff71858c" testId="5eb6e2d1-9478-b2f0-3697-d18385496475" testName="Common.Tests.SegmentLifecycleTests.AddSegment_Disallowed_When_PageAlreadyInArticle" computerName="justin-Laptop" duration="00:00:00.0084020" startTime="2026-02-11T11:37:16.8010948+11:00" endTime="2026-02-11T11:37:16.8011324+11:00" testType="13cdc9d9-ddb5-4fa4-a97d-d965ccfc6d4b" outcome="Passed" testListId="8c84fa94-04c1-424b-9868-57a2d4851a1d" relativeResultsDirectory="69ede6ae-87e4-48db-a3b0-f904ff71858c" />
    <UnitTestResult executionId="c48d794f-4c88-4347-b6e4-b2ac282f3d37" testId="e41150bf-d13c-51a7-0b51-7d6c50adaf41" testName="Common.Tests.SegmentLifecycleTests.EndSegment_AddsPageRangeToArticlePages" computerName="justin-Laptop" duration="00:00:00.0091917" startTime="2026-02-11T11:37:16.8096690+11:00" endTime="2026-02-11T11:37:16.8096691+11:00" testType="13cdc9d9-ddb5-4fa4-a97d-d965ccfc6d4b" outcome="Passed" testListId="8c84fa94-04c1-424b-9868-57a2d4851a1d" relativeResultsDirectory="c48d794f-4c88-4347-b6e4-b2ac282f3d37" />
    <UnitTestResult executionId="302981d8-a076-4f6d-9321-90c49dba91ca" testId="74a9d042-0d25-2950-66f8-81c8bcc754b0" testName="Common.Tests.MeasurementsValidatorTests.ValidMeasurements_Accepted(input: &quot;36B-28-38&quot;)" computerName="justin-Laptop" duration="00:00:00.0000056" startTime="2026-02-11T11:37:16.8731848+11:00" endTime="2026-02-11T11:37:16.8731849+11:00" testType="13cdc9d9-ddb5-4fa4-a97d-d965ccfc6d4b" outcome="Passed" testListId="8c84fa94-04c1-424b-9868-57a2d4851a1d" relativeResultsDirectory="302981d8-a076-4f6d-9321-90c49dba91ca" />
    <UnitTestResult executionId="a7b96db7-6abd-48e5-ae99-5c54e95e824a" testId="a2504bd7-ec0d-97e9-bec5-a0360718e4d2" testName="Common.Tests.MeasurementsValidatorTests.ValidMeasurements_Accepted(input: &quot;34C - 22 - 34&quot;)" computerName="justin-Laptop" duration="00:00:00.0000098" startTime="2026-02-11T11:37:16.8731328+11:00" endTime="2026-02-11T11:37:16.8731328+11:00" testType="13cdc9d9-ddb5-4fa4-a97d-d965ccfc6d4b" outcome="Passed" testListId="8c84fa94-04c1-424b-9868-57a2d4851a1d" relativeResultsDirectory="a7b96db7-6abd-48e5-ae99-5c54e95e824a" />
    <UnitTestResult executionId="7dacff18-f2e8-4b7a-bcf7-12a4614fde19" testId="9933aeee-960a-f13d-463f-480208404b74" testName="Common.Tests.MeasurementsValidatorTests.ValidMeasurements_Accepted(input: &quot;36DD-28-38&quot;)" computerName="justin-Laptop" duration="00:00:00.0000106" startTime="2026-02-11T11:37:16.8749409+11:00" endTime="2026-02-11T11:37:16.8749411+11:00" testType="13cdc9d9-ddb5-4fa4-a97d-d965ccfc6d4b" outcome="Passed" testListId="8c84fa94-04c1-424b-9868-57a2d4851a1d" relativeResultsDirectory="7dacff18-f2e8-4b7a-bcf7-12a4614fde19" />
    <UnitTestResult executionId="22be0351-17d0-417b-97c9-83943e8c90c1" testId="3d6ea6ac-00dd-fa98-1888-c0ac35377719" testName="Common.Tests.IndexEditorIntegrationTests.TopBar_SaveAndOpen_RoundTrip" computerName="justin-Laptop" duration="00:00:00.0137940" startTime="2026-02-11T11:37:16.8750357+11:00" endTime="2026-02-11T11:37:16.8750357+11:00" testType="13cdc9d9-ddb5-4fa4-a97d-d965ccfc6d4b" outcome="Passed" testListId="8c84fa94-04c1-424b-9868-57a2d4851a1d" relativeResultsDirectory="22be0351-17d0-417b-97c9-83943e8c90c1" />
    <UnitTestResult executionId="e396da44-82b9-42fc-8969-009998b5f683" testId="3ed89f56-a2f0-c4bf-c45c-bafd0108a532" testName="Common.Tests.MeasurementsValidatorTests.ValidMeasurements_Accepted(input: &quot;34C-22-34&quot;)" computerName="justin-Laptop" duration="00:00:00.0000050" startTime="2026-02-11T11:37:16.8749978+11:00" endTime="2026-02-11T11:37:16.8749979+11:00" testType="13cdc9d9-ddb5-4fa4-a97d-d965ccfc6d4b" outcome="Passed" testListId="8c84fa94-04c1-424b-9868-57a2d4851a1d" relativeResultsDirectory="e396da44-82b9-42fc-8969-009998b5f683" />
    <UnitTestResult executionId="91be83e1-3997-4e54-b1dd-25824191a380" testId="ab71f8da-5cb3-d2c8-8605-df4e913e0be7" testName="Common.Tests.IndexFileParserTests.ParsePageNumbers_HandlesRangesAndSingles" computerName="justin-Laptop" duration="00:00:00.0002377" startTime="2026-02-11T11:37:16.8725592+11:00" endTime="2026-02-11T11:37:16.8725593+11:00" testType="13cdc9d9-ddb5-4fa4-a97d-d965ccfc6d4b" outcome="Passed" testListId="8c84fa94-04c1-424b-9868-57a2d4851a1d" relativeResultsDirectory="91be83e1-3997-4e54-b1dd-25824191a380" />
    <UnitTestResult executionId="85dde32f-9387-43a2-af5f-c0c6c22d35e5" testId="f5a8d745-3f56-40e0-76c7-6d01e7f555fa" testName="Common.Tests.IndexEditorIntegrationTests.Selection_Prevention_When_ActiveSegmentExists" computerName="justin-Laptop" duration="00:00:00.0221589" startTime="2026-02-11T11:37:16.8111627+11:00" endTime="2026-02-11T11:37:16.8111628+11:00" testType="13cdc9d9-ddb5-4fa4-a97d-d965ccfc6d4b" outcome="Passed" testListId="8c84fa94-04c1-424b-9868-57a2d4851a1d" relativeResultsDirectory="85dde32f-9387-43a2-af5f-c0c6c22d35e5" />
  </Results>
  <TestDefinitions>
    <UnitTest name="Common.Tests.MeasurementsValidatorTests.InvalidMeasurements_Rejected(input: &quot;36B/28/38&quot;)" storage="/home/justin/repos/urban-sniffle/src/common/tests/bin/debug/net8.0/common.tests.dll" id="57570bdb-16a5-6fbf-3672-3356d145fb2d">
      <Execution id="c87242a3-61b1-4fae-9a17-e3835bf5eebf" />
      <TestMethod codeBase="/home/justin/repos/urban-sniffle/src/common/Tests/bin/Debug/net8.0/Common.Tests.dll" adapterTypeName="executor://xunit/VsTestRunner2/netcoreapp" className="Common.Tests.MeasurementsValidatorTests" name="InvalidMeasurements_Rejected" />
    </UnitTest>
    <UnitTest name="Common.Tests.MeasurementsValidatorTests.ValidMeasurements_Accepted(input: &quot;36-28-38&quot;)" storage="/home/justin/repos/urban-sniffle/src/common/tests/bin/debug/net8.0/common.tests.dll" id="9fa4bcd8-be5b-fccc-7102-2ccff4fc1fe0">
      <Execution id="63e5c870-fd27-46bd-8601-9ac9dcfc6996" />
      <TestMethod codeBase="/home/justin/repos/urban-sniffle/src/common/Tests/bin/Debug/net8.0/Common.Tests.dll" adapterTypeName="executor://xunit/VsTestRunner2/netcoreapp" className="Common.Tests.MeasurementsValidatorTests" name="ValidMeasurements_Accepted" />
    </UnitTest>
    <UnitTest name="Common.Tests.SegmentLifecycleTests.AddSegment_Disallowed_When_PageAlreadyInArticle" storage="/home/justin/repos/urban-sniffle/src/common/tests/bin/debug/net8.0/common.tests.dll" id="5eb6e2d1-9478-b2f0-3697-d18385496475">
      <Execution id="69ede6ae-87e4-48db-a3b0-f904ff71858c" />
      <TestMethod codeBase="/home/justin/repos/urban-sniffle/src/common/Tests/bin/Debug/net8.0/Common.Tests.dll" adapterTypeName="executor://xunit/VsTestRunner2/netcoreapp" className="Common.Tests.SegmentLifecycleTests" name="AddSegment_Disallowed_When_PageAlreadyInArticle" />
    </UnitTest>
    <UnitTest name="Common.Tests.MeasurementsValidatorTests.ValidMeasurements_Accepted(input: &quot;36DD-28-38&quot;)" storage="/home/justin/repos/urban-sniffle/src/common/tests/bin/debug/net8.0/common.tests.dll" id="9933aeee-960a-f13d-463f-480208404b74">
      <Execution id="7dacff18-f2e8-4b7a-bcf7-12a4614fde19" />
      <TestMethod codeBase="/home/justin/repos/urban-sniffle/src/common/Tests/bin/Debug/net8.0/Common.Tests.dll" adapterTypeName="executor://xunit/VsTestRunner2/netcoreapp" className="Common.Tests.MeasurementsValidatorTests" name="ValidMeasurements_Accepted" />
    </UnitTest>
    <UnitTest name="Common.Tests.IndexEditorIntegrationTests.Selection_Prevention_When_ActiveSegmentExists" storage="/home/justin/repos/urban-sniffle/src/common/tests/bin/debug/net8.0/common.tests.dll" id="f5a8d745-3f56-40e0-76c7-6d01e7f555fa">
      <Execution id="85dde32f-9387-43a2-af5f-c0c6c22d35e5" />
      <TestMethod codeBase="/home/justin/repos/urban-sniffle/src/common/Tests/bin/Debug/net8.0/Common.Tests.dll" adapterTypeName="executor://xunit/VsTestRunner2/netcoreapp" className="Common.Tests.IndexEditorIntegrationTests" name="Selection_Prevention_When_ActiveSegmentExists" />
    </UnitTest>
    <UnitTest name="Common.Tests.IndexFileParserTests.ParseArticleLine_WithAuthors_RoundTrip" storage="/home/justin/repos/urban-sniffle/src/common/tests/bin/debug/net8.0/common.tests.dll" id="d169d614-7ea8-986a-412d-ef1e37e732ab">
      <Execution id="e49e7370-1f2f-4454-b46a-c96fe8c30c07" />
      <TestMethod codeBase="/home/justin/repos/urban-sniffle/src/common/Tests/bin/Debug/net8.0/Common.Tests.dll" adapterTypeName="executor://xunit/VsTestRunner2/netcoreapp" className="Common.Tests.IndexFileParserTests" name="ParseArticleLine_WithAuthors_RoundTrip" />
    </UnitTest>
    <UnitTest name="Common.Tests.IndexFileParserTests.ParsePageNumbers_HandlesRangesAndSingles" storage="/home/justin/repos/urban-sniffle/src/common/tests/bin/debug/net8.0/common.tests.dll" id="ab71f8da-5cb3-d2c8-8605-df4e913e0be7">
      <Execution id="91be83e1-3997-4e54-b1dd-25824191a380" />
      <TestMethod codeBase="/home/justin/repos/urban-sniffle/src/common/Tests/bin/Debug/net8.0/Common.Tests.dll" adapterTypeName="executor://xunit/VsTestRunner2/netcoreapp" className="Common.Tests.IndexFileParserTests" name="ParsePageNumbers_HandlesRangesAndSingles" />
    </UnitTest>
    <UnitTest name="Common.Tests.MeasurementsValidatorTests.ValidMeasurements_Accepted(input: &quot;34C - 22 - 34&quot;)" storage="/home/justin/repos/urban-sniffle/src/common/tests/bin/debug/net8.0/common.tests.dll" id="a2504bd7-ec0d-97e9-bec5-a0360718e4d2">
      <Execution id="a7b96db7-6abd-48e5-ae99-5c54e95e824a" />
      <TestMethod codeBase="/home/justin/repos/urban-sniffle/src/common/Tests/bin/Debug/net8.0/Common.Tests.dll" adapterTypeName="executor://xunit/VsTestRunner2/netcoreapp" className="Common.Tests.MeasurementsValidatorTests" name="ValidMeasurements_Accepted" />
    </UnitTest>
    <UnitTest name="Common.Tests.IndexEditorIntegrationTests.TopBar_SaveAndOpen_RoundTrip" storage="/home/justin/repos/urban-sniffle/src/common/tests/bin/debug/net8.0/common.tests.dll" id="3d6ea6ac-00dd-fa98-1888-c0ac35377719">
      <Execution id="22be0351-17d0-417b-97c9-83943e8c90c1" />
      <TestMethod codeBase="/home/justin/repos/urban-sniffle/src/common/Tests/bin/Debug/net8.0/Common.Tests.dll" adapterTypeName="executor://xunit/VsTestRunner2/netcoreapp" className="Common.Tests.IndexEditorIntegrationTests" name="TopBar_SaveAndOpen_RoundTrip" />
    </UnitTest>
    <UnitTest name="Common.Tests.MeasurementsValidatorTests.InvalidMeasurements_Rejected(input: &quot;5-4-3&quot;)" storage="/home/justin/repos/urban-sniffle/src/common/tests/bin/debug/net8.0/common.tests.dll" id="d84cb31a-84f0-b755-6d6e-64921197253d">
      <Execution id="bed38f02-8854-4bd7-8caf-cb7d953bc1ec" />
      <TestMethod codeBase="/home/justin/repos/urban-sniffle/src/common/Tests/bin/Debug/net8.0/Common.Tests.dll" adapterTypeName="executor://xunit/VsTestRunner2/netcoreapp" className="Common.Tests.MeasurementsValidatorTests" name="InvalidMeasurements_Rejected" />
    </UnitTest>
    <UnitTest name="Common.Tests.MeasurementsValidatorTests.ValidMeasurements_Accepted(input: &quot;34C–22–34&quot;)" storage="/home/justin/repos/urban-sniffle/src/common/tests/bin/debug/net8.0/common.tests.dll" id="d9a0a591-0365-037b-51c5-acdaedd32d9e">
      <Execution id="07efba34-c369-456a-bdb8-df37590a454d" />
      <TestMethod codeBase="/home/justin/repos/urban-sniffle/src/common/Tests/bin/Debug/net8.0/Common.Tests.dll" adapterTypeName="executor://xunit/VsTestRunner2/netcoreapp" className="Common.Tests.MeasurementsValidatorTests" name="ValidMeasurements_Accepted" />
    </UnitTest>
    <UnitTest name="Common.Tests.MeasurementsValidatorTests.InvalidMeasurements_Rejected(input: &quot;36B-28&quot;)" storage="/home/justin/repos/urban-sniffle/src/common/tests/bin/debug/net8.0/common.tests.dll" id="018fe943-e517-c664-c94b-f8c48ea5f9a3">
      <Execution id="7f80437d-8ddd-4437-ac9e-843d7277801d" />
      <TestMethod codeBase="/home/justin/repos/urban-sniffle/src/common/Tests/bin/Debug/net8.0/Common.Tests.dll" adapterTypeName="executor://xunit/VsTestRunner2/netcoreapp" className="Common.Tests.MeasurementsValidatorTests" name="InvalidMeasurements_Rejected" />
    </UnitTest>
    <UnitTest name="Common.Tests.IndexFileParserTests.ParsePageNumbers_Invalid_ReturnsError" storage="/home/justin/repos/urban-sniffle/src/common/tests/bin/debug/net8.0/common.tests.dll" id="9bfbdee6-7958-3bb2-a497-ef3cfd0dac42">
      <Execution id="b5e71ac3-2f3e-447f-b7a3-a4b00bda7ea3" />
      <TestMethod codeBase="/home/justin/repos/urban-sniffle/src/common/Tests/bin/Debug/net8.0/Common.Tests.dll" adapterTypeName="executor://xunit/VsTestRunner2/netcoreapp" className="Common.Tests.IndexFileParserTests" name="ParsePageNumbers_Invalid_ReturnsError" />
    </UnitTest>
    <UnitTest name="Common.Tests.MeasurementsValidatorTests.ValidMeasurements_Accepted(input: &quot;34C-22-34&quot;)" storage="/home/justin/repos/urban-sniffle/src/common/tests/bin/debug/net8.0/common.tests.dll" id="3ed89f56-a2f0-c4bf-c45c-bafd0108a532">
      <Execution id="e396da44-82b9-42fc-8969-009998b5f683" />
      <TestMethod codeBase="/home/justin/repos/urban-sniffle/src/common/Tests/bin/Debug/net8.0/Common.Tests.dll" adapterTypeName="executor://xunit/VsTestRunner2/netcoreapp" className="Common.Tests.MeasurementsValidatorTests" name="ValidMeasurements_Accepted" />
    </UnitTest>
    <UnitTest name="Common.Tests.MeasurementsValidatorTests.ValidMeasurements_Accepted(input: &quot;36B-28-38&quot;)" storage="/home/justin/repos/urban-sniffle/src/common/tests/bin/debug/net8.0/common.tests.dll" id="74a9d042-0d25-2950-66f8-81c8bcc754b0">
      <Execution id="302981d8-a076-4f6d-9321-90c49dba91ca" />
      <TestMethod codeBase="/home/justin/repos/urban-sniffle/src/common/Tests/bin/Debug/net8.0/Common.Tests.dll" adapterTypeName="executor://xunit/VsTestRunner2/netcoreapp" className="Common.Tests.MeasurementsValidatorTests" name="ValidMeasurements_Accepted" />
    </UnitTest>
    <UnitTest name="Common.Tests.MeasurementsValidatorTests.InvalidMeasurements_Rejected(input: &quot;36B-28cm-38&quot;)" storage="/home/justin/repos/urban-sniffle/src/common/tests/bin/debug/net8.0/common.tests.dll" id="0b42eab7-1aef-b26f-2a4a-12432878b484">
      <Execution id="39cc11f8-e447-449e-b853-0e43d76a1e3a" />
      <TestMethod codeBase="/home/justin/repos/urban-sniffle/src/common/Tests/bin/Debug/net8.0/Common.Tests.dll" adapterTypeName="executor://xunit/VsTestRunner2/netcoreapp" className="Common.Tests.MeasurementsValidatorTests" name="InvalidMeasurements_Rejected" />
    </UnitTest>
    <UnitTest name="Common.Tests.SegmentLifecycleTests.EndSegment_AddsPageRangeToArticlePages" storage="/home/justin/repos/urban-sniffle/src/common/tests/bin/debug/net8.0/common.tests.dll" id="e41150bf-d13c-51a7-0b51-7d6c50adaf41">
      <Execution id="c48d794f-4c88-4347-b6e4-b2ac282f3d37" />
      <TestMethod codeBase="/home/justin/repos/urban-sniffle/src/common/Tests/bin/Debug/net8.0/Common.Tests.dll" adapterTypeName="executor://xunit/VsTestRunner2/netcoreapp" className="Common.Tests.SegmentLifecycleTests" name="EndSegment_AddsPageRangeToArticlePages" />
    </UnitTest>
    <UnitTest name="Common.Tests.MeasurementsValidatorTests.InvalidMeasurements_Rejected(input: &quot;36.5B-28-38&quot;)" storage="/home/justin/repos/urban-sniffle/src/common/tests/bin/debug/net8.0/common.tests.dll" id="485a485e-17c6-42c6-20ea-bbbc3d03ccce">
      <Execution id="e675c0f6-0a12-410b-b8d4-aaf58384873c" />
      <TestMethod codeBase="/home/justin/repos/urban-sniffle/src/common/Tests/bin/Debug/net8.0/Common.Tests.dll" adapterTypeName="executor://xunit/VsTestRunner2/netcoreapp" className="Common.Tests.MeasurementsValidatorTests" name="InvalidMeasurements_Rejected" />
    </UnitTest>
    <UnitTest name="Common.Tests.MeasurementsValidatorTests.InvalidMeasurements_Rejected(input: &quot;&quot;)" storage="/home/justin/repos/urban-sniffle/src/common/tests/bin/debug/net8.0/common.tests.dll" id="556c074a-ee47-e145-8ec3-5bd804860c27">
      <Execution id="205f3732-9e76-41c2-b2e1-c821b964a490" />
      <TestMethod codeBase="/home/justin/repos/urban-sniffle/src/common/Tests/bin/Debug/net8.0/Common.Tests.dll" adapterTypeName="executor://xunit/VsTestRunner2/netcoreapp" className="Common.Tests.MeasurementsValidatorTests" name="InvalidMeasurements_Rejected" />
    </UnitTest>
  </TestDefinitions>
  <TestEntries>
    <TestEntry testId="0b42eab7-1aef-b26f-2a4a-12432878b484" executionId="39cc11f8-e447-449e-b853-0e43d76a1e3a" testListId="8c84fa94-04c1-424b-9868-57a2d4851a1d" />
    <TestEntry testId="d169d614-7ea8-986a-412d-ef1e37e732ab" executionId="e49e7370-1f2f-4454-b46a-c96fe8c30c07" testListId="8c84fa94-04c1-424b-9868-57a2d4851a1d" />
    <TestEntry testId="57570bdb-16a5-6fbf-3672-3356d145fb2d" executionId="c87242a3-61b1-4fae-9a17-e3835bf5eebf" testListId="8c84fa94-04c1-424b-9868-57a2d4851a1d" />
    <TestEntry testId="018fe943-e517-c664-c94b-f8c48ea5f9a3" executionId="7f80437d-8ddd-4437-ac9e-843d7277801d" testListId="8c84fa94-04c1-424b-9868-57a2d4851a1d" />
    <TestEntry testId="9bfbdee6-7958-3bb2-a497-ef3cfd0dac42" executionId="b5e71ac3-2f3e-447f-b7a3-a4b00bda7ea3" testListId="8c84fa94-04c1-424b-9868-57a2d4851a1d" />
    <TestEntry testId="d84cb31a-84f0-b755-6d6e-64921197253d" executionId="bed38f02-8854-4bd7-8caf-cb7d953bc1ec" testListId="8c84fa94-04c1-424b-9868-57a2d4851a1d" />
    <TestEntry testId="485a485e-17c6-42c6-20ea-bbbc3d03ccce" executionId="e675c0f6-0a12-410b-b8d4-aaf58384873c" testListId="8c84fa94-04c1-424b-9868-57a2d4851a1d" />
    <TestEntry testId="9fa4bcd8-be5b-fccc-7102-2ccff4fc1fe0" executionId="63e5c870-fd27-46bd-8601-9ac9dcfc6996" testListId="8c84fa94-04c1-424b-9868-57a2d4851a1d" />
    <TestEntry testId="556c074a-ee47-e145-8ec3-5bd804860c27" executionId="205f3732-9e76-41c2-b2e1-c821b964a490" testListId="8c84fa94-04c1-424b-9868-57a2d4851a1d" />
    <TestEntry testId="d9a0a591-0365-037b-51c5-acdaedd32d9e" executionId="07efba34-c369-456a-bdb8-df37590a454d" testListId="8c84fa94-04c1-424b-9868-57a2d4851a1d" />
    <TestEntry testId="5eb6e2d1-9478-b2f0-3697-d18385496475" executionId="69ede6ae-87e4-48db-a3b0-f904ff71858c" testListId="8c84fa94-04c1-424b-9868-57a2d4851a1d" />
    <TestEntry testId="e41150bf-d13c-51a7-0b51-7d6c50adaf41" executionId="c48d794f-4c88-4347-b6e4-b2ac282f3d37" testListId="8c84fa94-04c1-424b-9868-57a2d4851a1d" />
    <TestEntry testId="74a9d042-0d25-2950-66f8-81c8bcc754b0" executionId="302981d8-a076-4f6d-9321-90c49dba91ca" testListId="8c84fa94-04c1-424b-9868-57a2d4851a1d" />
    <TestEntry testId="a2504bd7-ec0d-97e9-bec5-a0360718e4d2" executionId="a7b96db7-6abd-48e5-ae99-5c54e95e824a" testListId="8c84fa94-04c1-424b-9868-57a2d4851a1d" />
    <TestEntry testId="9933aeee-960a-f13d-463f-480208404b74" executionId="7dacff18-f2e8-4b7a-bcf7-12a4614fde19" testListId="8c84fa94-04c1-424b-9868-57a2d4851a1d" />
    <TestEntry testId="3d6ea6ac-00dd-fa98-1888-c0ac35377719" executionId="22be0351-17d0-417b-97c9-83943e8c90c1" testListId="8c84fa94-04c1-424b-9868-57a2d4851a1d" />
    <TestEntry testId="3ed89f56-a2f0-c4bf-c45c-bafd0108a532" executionId="e396da44-82b9-42fc-8969-009998b5f683" testListId="8c84fa94-04c1-424b-9868-57a2d4851a1d" />
    <TestEntry testId="ab71f8da-5cb3-d2c8-8605-df4e913e0be7" executionId="91be83e1-3997-4e54-b1dd-25824191a380" testListId="8c84fa94-04c1-424b-9868-57a2d4851a1d" />
    <TestEntry testId="f5a8d745-3f56-40e0-76c7-6d01e7f555fa" executionId="85dde32f-9387-43a2-af5f-c0c6c22d35e5" testListId="8c84fa94-04c1-424b-9868-57a2d4851a1d" />
  </TestEntries>
  <TestLists>
    <TestList name="Results Not in a List" id="8c84fa94-04c1-424b-9868-57a2d4851a1d" />
    <TestList name="All Loaded Results" id="19431567-8539-422a-85d7-44ee4e166bda" />
  </TestLists>
  <ResultSummary outcome="Completed">
    <Counters total="19" executed="19" passed="19" failed="0" error="0" timeout="0" aborted="0" inconclusive="0" passedButRunAborted="0" notRunnable="0" notExecuted="0" disconnected="0" warning="0" completed="0" inProgress="0" pending="0" />
    <Output>
      <StdOut>[xUnit.net 00:00:00.00] xUnit.net VSTest Adapter v2.5.0.1+5ebf84cd75 (64-bit .NET 8.0.22)
[xUnit.net 00:00:00.10]   Discovering: Common.Tests
[xUnit.net 00:00:00.18]   Discovered:  Common.Tests
[xUnit.net 00:00:00.19]   Starting:    Common.Tests
[xUnit.net 00:00:00.34]   Finished:    Common.Tests
</StdOut>
    </Output>
  </ResultSummary>
</TestRun>